Warning[205] C:\USERS\DETCP\DOWNLOADS\ENTREGA_SBM\PROYECTO_STARSHIP\PROYECTO_STARSHIP.ASM 5 : Found directive in column 1. (list)
Warning[205] C:\USERS\DETCP\DOWNLOADS\ENTREGA_SBM\PROYECTO_STARSHIP\PROYECTO_STARSHIP.ASM 8 : Found directive in column 1. (__CONFIG)
Warning[207] C:\USERS\DETCP\DOWNLOADS\ENTREGA_SBM\PROYECTO_STARSHIP\PROYECTO_STARSHIP.ASM 11 : Found label after column 1. (OUT0)
Warning[207] C:\USERS\DETCP\DOWNLOADS\ENTREGA_SBM\PROYECTO_STARSHIP\PROYECTO_STARSHIP.ASM 12 : Found label after column 1. (OUT1)
Warning[207] C:\USERS\DETCP\DOWNLOADS\ENTREGA_SBM\PROYECTO_STARSHIP\PROYECTO_STARSHIP.ASM 14 : Found label after column 1. (STATE)
Warning[207] C:\USERS\DETCP\DOWNLOADS\ENTREGA_SBM\PROYECTO_STARSHIP\PROYECTO_STARSHIP.ASM 15 : Found label after column 1. (NEXTSTATE)
Warning[207] C:\USERS\DETCP\DOWNLOADS\ENTREGA_SBM\PROYECTO_STARSHIP\PROYECTO_STARSHIP.ASM 17 : Found label after column 1. (St0_CD)
Warning[207] C:\USERS\DETCP\DOWNLOADS\ENTREGA_SBM\PROYECTO_STARSHIP\PROYECTO_STARSHIP.ASM 18 : Found label after column 1. (St1_FD)
Warning[207] C:\USERS\DETCP\DOWNLOADS\ENTREGA_SBM\PROYECTO_STARSHIP\PROYECTO_STARSHIP.ASM 19 : Found label after column 1. (St2_EI)
Warning[207] C:\USERS\DETCP\DOWNLOADS\ENTREGA_SBM\PROYECTO_STARSHIP\PROYECTO_STARSHIP.ASM 20 : Found label after column 1. (St3_MQ)
Warning[207] C:\USERS\DETCP\DOWNLOADS\ENTREGA_SBM\PROYECTO_STARSHIP\PROYECTO_STARSHIP.ASM 21 : Found label after column 1. (St4_SS)
Warning[207] C:\USERS\DETCP\DOWNLOADS\ENTREGA_SBM\PROYECTO_STARSHIP\PROYECTO_STARSHIP.ASM 22 : Found label after column 1. (St5_OF)
Warning[207] C:\USERS\DETCP\DOWNLOADS\ENTREGA_SBM\PROYECTO_STARSHIP\PROYECTO_STARSHIP.ASM 23 : Found label after column 1. (St6_RE)
Warning[207] C:\USERS\DETCP\DOWNLOADS\ENTREGA_SBM\PROYECTO_STARSHIP\PROYECTO_STARSHIP.ASM 24 : Found label after column 1. (St7_EI)
Warning[207] C:\USERS\DETCP\DOWNLOADS\ENTREGA_SBM\PROYECTO_STARSHIP\PROYECTO_STARSHIP.ASM 25 : Found label after column 1. (St8_ES)
Warning[207] C:\USERS\DETCP\DOWNLOADS\ENTREGA_SBM\PROYECTO_STARSHIP\PROYECTO_STARSHIP.ASM 26 : Found label after column 1. (St9_SL)
Warning[207] C:\USERS\DETCP\DOWNLOADS\ENTREGA_SBM\PROYECTO_STARSHIP\PROYECTO_STARSHIP.ASM 27 : Found label after column 1. (St10_FTS)
Warning[207] C:\USERS\DETCP\DOWNLOADS\ENTREGA_SBM\PROYECTO_STARSHIP\PROYECTO_STARSHIP.ASM 28 : Found label after column 1. (ResultadoADC)
Warning[207] C:\USERS\DETCP\DOWNLOADS\ENTREGA_SBM\PROYECTO_STARSHIP\PROYECTO_STARSHIP.ASM 30 : Found label after column 1. (Contador_Tiempo)
Warning[205] C:\USERS\DETCP\DOWNLOADS\ENTREGA_SBM\PROYECTO_STARSHIP\PROYECTO_STARSHIP.ASM 35 : Found directive in column 1. (org)
Warning[205] C:\USERS\DETCP\DOWNLOADS\ENTREGA_SBM\PROYECTO_STARSHIP\PROYECTO_STARSHIP.ASM 39 : Found directive in column 1. (org)
Warning[205] C:\USERS\DETCP\DOWNLOADS\ENTREGA_SBM\PROYECTO_STARSHIP\PROYECTO_STARSHIP.ASM 43 : Found directive in column 1. (org)
Message[302] C:\USERS\DETCP\DOWNLOADS\ENTREGA_SBM\PROYECTO_STARSHIP\PROYECTO_STARSHIP.ASM 61 : Register in operand not in bank 0.  Ensure that bank bits are correct.
Message[302] C:\USERS\DETCP\DOWNLOADS\ENTREGA_SBM\PROYECTO_STARSHIP\PROYECTO_STARSHIP.ASM 63 : Register in operand not in bank 0.  Ensure that bank bits are correct.
Message[302] C:\USERS\DETCP\DOWNLOADS\ENTREGA_SBM\PROYECTO_STARSHIP\PROYECTO_STARSHIP.ASM 68 : Register in operand not in bank 0.  Ensure that bank bits are correct.
Message[302] C:\USERS\DETCP\DOWNLOADS\ENTREGA_SBM\PROYECTO_STARSHIP\PROYECTO_STARSHIP.ASM 73 : Register in operand not in bank 0.  Ensure that bank bits are correct.
Message[302] C:\USERS\DETCP\DOWNLOADS\ENTREGA_SBM\PROYECTO_STARSHIP\PROYECTO_STARSHIP.ASM 79 : Register in operand not in bank 0.  Ensure that bank bits are correct.
Warning[207] C:\USERS\DETCP\DOWNLOADS\ENTREGA_SBM\PROYECTO_STARSHIP\PROYECTO_STARSHIP.ASM 197 : Found label after column 1. (WAIT_FOR_ADC2)
Message[302] C:\USERS\DETCP\DOWNLOADS\ENTREGA_SBM\PROYECTO_STARSHIP\PROYECTO_STARSHIP.ASM 204 : Register in operand not in bank 0.  Ensure that bank bits are correct.
Warning[207] C:\USERS\DETCP\DOWNLOADS\ENTREGA_SBM\PROYECTO_STARSHIP\PROYECTO_STARSHIP.ASM 232 : Found label after column 1. (WAIT_FOR_ADC3)
Warning[207] C:\USERS\DETCP\DOWNLOADS\ENTREGA_SBM\PROYECTO_STARSHIP\PROYECTO_STARSHIP.ASM 274 : Found label after column 1. (WAIT_FOR_ADC4)
Warning[207] C:\USERS\DETCP\DOWNLOADS\ENTREGA_SBM\PROYECTO_STARSHIP\PROYECTO_STARSHIP.ASM 327 : Found label after column 1. (WAIT_FOR_ADC6)
Warning[207] C:\USERS\DETCP\DOWNLOADS\ENTREGA_SBM\PROYECTO_STARSHIP\PROYECTO_STARSHIP.ASM 359 : Found label after column 1. (WAIT_FOR_ADC7)
Warning[205] C:\USERS\DETCP\DOWNLOADS\ENTREGA_SBM\PROYECTO_STARSHIP\PROYECTO_STARSHIP.ASM 510 : Found directive in column 1. (end)
